1600955252812	mozrunner::runner	INFO	Running command: "C:\\Program Files (x86)\\Mozilla Firefox\\firefox.exe" "-marionette" "-foreground" "-no-remote" "-profile" "C:\\Users\\S6597~1.MIL\\AppData\\Local\\Temp\\rust_mozprofileeIzQG7"
JavaScript error: resource://gre/modules/XULStore.jsm, line 66: Error: Can't find profile directory.
console.error: SearchCache: "_readCacheFile: Error reading cache file:" (new Error("", "(unknown module)"))
1600955255107	Marionette	INFO	Listening on port 51985
1600955255420	Marionette	WARN	TLS certificate errors will be ignored for this session
JavaScript error: resource://gre/modules/XULStore.jsm, line 66: Error: Can't find profile directory.
JavaScript error: resource://gre/modules/XULStore.jsm, line 66: Error: Can't find profile directory.
1600955265574	Marionette	INFO	Stopped listening on port 51985

###!!! [Child][RunMessage] Error: Channel closing: too late to send/recv, messages will be lost


###!!! [Child][MessageChannel::SendAndWait] Error: Channel error: cannot send/recv

1600956871620	mozrunner::runner	INFO	Running command: "C:\\Program Files (x86)\\Mozilla Firefox\\firefox.exe" "-marionette" "-foreground" "-no-remote" "-profile" "C:\\Users\\S6597~1.MIL\\AppData\\Local\\Temp\\rust_mozprofileFPVP5v"
JavaScript error: resource://gre/modules/XULStore.jsm, line 66: Error: Can't find profile directory.
console.error: SearchCache: "_readCacheFile: Error reading cache file:" (new Error("", "(unknown module)"))
1600956873975	Marionette	INFO	Listening on port 52722
1600956874229	Marionette	WARN	TLS certificate errors will be ignored for this session
JavaScript error: resource://gre/modules/XULStore.jsm, line 66: Error: Can't find profile directory.
JavaScript error: resource://gre/modules/XULStore.jsm, line 66: Error: Can't find profile directory.
1600956884321	Marionette	INFO	Stopped listening on port 52722

###!!! [Child][RunMessage] Error: Channel closing: too late to send/recv, messages will be lost


###!!! [Child][MessageChannel::SendAndWait] Error: Channel error: cannot send/recv

1601042470849	mozrunner::runner	INFO	Running command: "C:\\Program Files (x86)\\Mozilla Firefox\\firefox.exe" "-marionette" "-foreground" "-no-remote" "-profile" "C:\\Users\\S6597~1.MIL\\AppData\\Local\\Temp\\rust_mozprofileNV1biZ"
1601042490235	mozrunner::runner	INFO	Running command: "C:\\Program Files (x86)\\Mozilla Firefox\\firefox.exe" "-marionette" "-foreground" "-no-remote" "-profile" "C:\\Users\\S6597~1.MIL\\AppData\\Local\\Temp\\rust_mozprofileWuss71"
Can't find symbol 'eglSwapBuffersWithDamageEXT'.
JavaScript error: resource://gre/modules/XULStore.jsm, line 66: Error: Can't find profile directory.
console.error: SearchCache: "_readCacheFile: Error reading cache file:" (new Error("", "(unknown module)"))
1601042492612	Marionette	INFO	Listening on port 49716
1601042492849	Marionette	WARN	TLS certificate errors will be ignored for this session
1601042497459	Marionette	INFO	Stopped listening on port 49716

###!!! [Child][RunMessage] Error: Channel closing: too late to send/recv, messages will be lost


###!!! [Child][MessageChannel::SendAndWait] Error: Channel error: cannot send/recv

1601042650633	mozrunner::runner	INFO	Running command: "C:\\Program Files (x86)\\Mozilla Firefox\\firefox.exe" "-marionette" "-foreground" "-no-remote" "-profile" "C:\\Users\\S6597~1.MIL\\AppData\\Local\\Temp\\rust_mozprofile5mIVGU"
Can't find symbol 'eglSwapBuffersWithDamageEXT'.
JavaScript error: resource://gre/modules/XULStore.jsm, line 66: Error: Can't find profile directory.
console.error: SearchCache: "_readCacheFile: Error reading cache file:" (new Error("", "(unknown module)"))
1601042652946	Marionette	INFO	Listening on port 49882
1601042653252	Marionette	WARN	TLS certificate errors will be ignored for this session
1601042659080	Marionette	INFO	Stopped listening on port 49882

###!!! [Child][RunMessage] Error: Channel closing: too late to send/recv, messages will be lost


###!!! [Child][MessageChannel::SendAndWait] Error: Channel error: cannot send/recv

1601042718688	mozrunner::runner	INFO	Running command: "C:\\Program Files (x86)\\Mozilla Firefox\\firefox.exe" "-marionette" "-foreground" "-no-remote" "-profile" "C:\\Users\\S6597~1.MIL\\AppData\\Local\\Temp\\rust_mozprofileXt7Mg3"
Can't find symbol 'eglSwapBuffersWithDamageEXT'.
JavaScript error: resource://gre/modules/XULStore.jsm, line 66: Error: Can't find profile directory.
console.error: SearchCache: "_readCacheFile: Error reading cache file:" (new Error("", "(unknown module)"))
1601042720918	Marionette	INFO	Listening on port 49977
1601042721297	Marionette	WARN	TLS certificate errors will be ignored for this session
1601042730124	Marionette	INFO	Stopped listening on port 49977

###!!! [Child][RunMessage] Error: Channel closing: too late to send/recv, messages will be lost


###!!! [Child][MessageChannel::SendAndWait] Error: Channel error: cannot send/recv

1601043275840	mozrunner::runner	INFO	Running command: "C:\\Program Files (x86)\\Mozilla Firefox\\firefox.exe" "-marionette" "-foreground" "-no-remote" "-profile" "C:\\Users\\S6597~1.MIL\\AppData\\Local\\Temp\\rust_mozprofilemr1QxO"
Can't find symbol 'eglSwapBuffersWithDamageEXT'.
JavaScript error: resource://gre/modules/XULStore.jsm, line 66: Error: Can't find profile directory.
console.error: SearchCache: "_readCacheFile: Error reading cache file:" (new Error("", "(unknown module)"))
1601043278102	Marionette	INFO	Listening on port 51031
1601043278448	Marionette	WARN	TLS certificate errors will be ignored for this session
1601043286014	Marionette	INFO	Stopped listening on port 51031

###!!! [Child][RunMessage] Error: Channel closing: too late to send/recv, messages will be lost


###!!! [Child][MessageChannel::SendAndWait] Error: Channel error: cannot send/recv

1601043896059	mozrunner::runner	INFO	Running command: "C:\\Program Files (x86)\\Mozilla Firefox\\firefox.exe" "-marionette" "-foreground" "-no-remote" "-profile" "C:\\Users\\S6597~1.MIL\\AppData\\Local\\Temp\\rust_mozprofileNs7GYM"
Can't find symbol 'eglSwapBuffersWithDamageEXT'.
JavaScript error: resource://gre/modules/XULStore.jsm, line 66: Error: Can't find profile directory.
console.error: SearchCache: "_readCacheFile: Error reading cache file:" (new Error("", "(unknown module)"))
1601043898411	Marionette	INFO	Listening on port 51584
1601043898675	Marionette	WARN	TLS certificate errors will be ignored for this session
1601043902445	Marionette	INFO	Stopped listening on port 51584

###!!! [Child][RunMessage] Error: Channel closing: too late to send/recv, messages will be lost


###!!! [Child][MessageChannel::SendAndWait] Error: Channel error: cannot send/recv

1601043947772	mozrunner::runner	INFO	Running command: "C:\\Program Files (x86)\\Mozilla Firefox\\firefox.exe" "-marionette" "-foreground" "-no-remote" "-profile" "C:\\Users\\S6597~1.MIL\\AppData\\Local\\Temp\\rust_mozprofilefuUDCi"
Can't find symbol 'eglSwapBuffersWithDamageEXT'.
JavaScript error: resource://gre/modules/XULStore.jsm, line 66: Error: Can't find profile directory.
console.error: SearchCache: "_readCacheFile: Error reading cache file:" (new Error("", "(unknown module)"))
1601043950093	Marionette	INFO	Listening on port 51665
1601043950405	Marionette	WARN	TLS certificate errors will be ignored for this session
1601043954065	Marionette	INFO	Stopped listening on port 51665

###!!! [Child][RunMessage] Error: Channel closing: too late to send/recv, messages will be lost


###!!! [Child][MessageChannel::SendAndWait] Error: Channel error: cannot send/recv

1601044117281	mozrunner::runner	INFO	Running command: "C:\\Program Files (x86)\\Mozilla Firefox\\firefox.exe" "-marionette" "-foreground" "-no-remote" "-profile" "C:\\Users\\S6597~1.MIL\\AppData\\Local\\Temp\\rust_mozprofileVVdtem"
Can't find symbol 'eglSwapBuffersWithDamageEXT'.
JavaScript error: resource://gre/modules/XULStore.jsm, line 66: Error: Can't find profile directory.
console.error: SearchCache: "_readCacheFile: Error reading cache file:" (new Error("", "(unknown module)"))
1601044119540	Marionette	INFO	Listening on port 51829
1601044119897	Marionette	WARN	TLS certificate errors will be ignored for this session
1601044125325	Marionette	INFO	Stopped listening on port 51829

###!!! [Child][RunMessage] Error: Channel closing: too late to send/recv, messages will be lost


###!!! [Child][MessageChannel::SendAndWait] Error: Channel error: cannot send/recv

1601044318318	mozrunner::runner	INFO	Running command: "C:\\Program Files (x86)\\Mozilla Firefox\\firefox.exe" "-marionette" "-foreground" "-no-remote" "-profile" "C:\\Users\\S6597~1.MIL\\AppData\\Local\\Temp\\rust_mozprofileO6Wrnj"
Can't find symbol 'eglSwapBuffersWithDamageEXT'.
JavaScript error: resource://gre/modules/XULStore.jsm, line 66: Error: Can't find profile directory.
console.error: SearchCache: "_readCacheFile: Error reading cache file:" (new Error("", "(unknown module)"))
1601044320670	Marionette	INFO	Listening on port 52019
1601044320927	Marionette	WARN	TLS certificate errors will be ignored for this session
1601044326435	Marionette	INFO	Stopped listening on port 52019

###!!! [Child][RunMessage] Error: Channel closing: too late to send/recv, messages will be lost


###!!! [Child][MessageChannel::SendAndWait] Error: Channel error: cannot send/recv

1601044343560	mozrunner::runner	INFO	Running command: "C:\\Program Files (x86)\\Mozilla Firefox\\firefox.exe" "-marionette" "-foreground" "-no-remote" "-profile" "C:\\Users\\S6597~1.MIL\\AppData\\Local\\Temp\\rust_mozprofile1m5hrz"
Can't find symbol 'eglSwapBuffersWithDamageEXT'.
JavaScript error: resource://gre/modules/XULStore.jsm, line 66: Error: Can't find profile directory.
console.error: SearchCache: "_readCacheFile: Error reading cache file:" (new Error("", "(unknown module)"))
1601044345745	Marionette	INFO	Listening on port 52089
1601044346170	Marionette	WARN	TLS certificate errors will be ignored for this session
JavaScript error: resource://gre/modules/XULStore.jsm, line 66: Error: Can't find profile directory.
JavaScript error: resource://gre/modules/XULStore.jsm, line 66: Error: Can't find profile directory.
1601044359578	Marionette	INFO	Stopped listening on port 52089

###!!! [Child][RunMessage] Error: Channel closing: too late to send/recv, messages will be lost


###!!! [Child][MessageChannel::SendAndWait] Error: Channel error: cannot send/recv

1601301315543	mozrunner::runner	INFO	Running command: "C:\\Program Files (x86)\\Mozilla Firefox\\firefox.exe" "-marionette" "-foreground" "-no-remote" "-profile" "C:\\Users\\S6597~1.MIL\\AppData\\Local\\Temp\\rust_mozprofile4RI93H"
Can't find symbol 'eglSwapBuffersWithDamageEXT'.
JavaScript error: resource://gre/modules/XULStore.jsm, line 66: Error: Can't find profile directory.
console.error: SearchCache: "_readCacheFile: Error reading cache file:" (new Error("", "(unknown module)"))
1601301318021	Marionette	INFO	Listening on port 54384
1601301318167	Marionette	WARN	TLS certificate errors will be ignored for this session
JavaScript error: resource://gre/modules/XULStore.jsm, line 66: Error: Can't find profile directory.
JavaScript error: resource://gre/modules/XULStore.jsm, line 66: Error: Can't find profile directory.
1601301323197	Marionette	INFO	Stopped listening on port 54384

###!!! [Child][RunMessage] Error: Channel closing: too late to send/recv, messages will be lost


###!!! [Child][MessageChannel::SendAndWait] Error: Channel error: cannot send/recv

1601301368405	mozrunner::runner	INFO	Running command: "C:\\Program Files (x86)\\Mozilla Firefox\\firefox.exe" "-marionette" "-foreground" "-no-remote" "-profile" "C:\\Users\\S6597~1.MIL\\AppData\\Local\\Temp\\rust_mozprofileWX59Lc"
Can't find symbol 'eglSwapBuffersWithDamageEXT'.
JavaScript error: resource://gre/modules/XULStore.jsm, line 66: Error: Can't find profile directory.
console.error: SearchCache: "_readCacheFile: Error reading cache file:" (new Error("", "(unknown module)"))
1601301370828	Marionette	INFO	Listening on port 54470
1601301371022	Marionette	WARN	TLS certificate errors will be ignored for this session
JavaScript error: resource://gre/modules/XULStore.jsm, line 66: Error: Can't find profile directory.
JavaScript error: resource://gre/modules/XULStore.jsm, line 66: Error: Can't find profile directory.
1601301377531	Marionette	INFO	Stopped listening on port 54470

###!!! [Child][RunMessage] Error: Channel closing: too late to send/recv, messages will be lost


###!!! [Child][MessageChannel::SendAndWait] Error: Channel error: cannot send/recv

1601301453754	mozrunner::runner	INFO	Running command: "C:\\Program Files (x86)\\Mozilla Firefox\\firefox.exe" "-marionette" "-foreground" "-no-remote" "-profile" "C:\\Users\\S6597~1.MIL\\AppData\\Local\\Temp\\rust_mozprofileQBz2B9"
Can't find symbol 'eglSwapBuffersWithDamageEXT'.
JavaScript error: resource://gre/modules/XULStore.jsm, line 66: Error: Can't find profile directory.
console.error: SearchCache: "_readCacheFile: Error reading cache file:" (new Error("", "(unknown module)"))
1601301456214	Marionette	INFO	Listening on port 54594
1601301456367	Marionette	WARN	TLS certificate errors will be ignored for this session
JavaScript error: resource://gre/modules/XULStore.jsm, line 66: Error: Can't find profile directory.
JavaScript error: resource://gre/modules/XULStore.jsm, line 66: Error: Can't find profile directory.
1601301460579	Marionette	INFO	Stopped listening on port 54594

###!!! [Child][RunMessage] Error: Channel closing: too late to send/recv, messages will be lost


###!!! [Child][MessageChannel::SendAndWait] Error: Channel error: cannot send/recv

1601301541303	mozrunner::runner	INFO	Running command: "C:\\Program Files (x86)\\Mozilla Firefox\\firefox.exe" "-marionette" "-foreground" "-no-remote" "-profile" "C:\\Users\\S6597~1.MIL\\AppData\\Local\\Temp\\rust_mozprofileuEW5M5"
Can't find symbol 'eglSwapBuffersWithDamageEXT'.
JavaScript error: resource://gre/modules/XULStore.jsm, line 66: Error: Can't find profile directory.
console.error: SearchCache: "_readCacheFile: Error reading cache file:" (new Error("", "(unknown module)"))
1601301543752	Marionette	INFO	Listening on port 54704
1601301543915	Marionette	WARN	TLS certificate errors will be ignored for this session
JavaScript error: resource://gre/modules/XULStore.jsm, line 66: Error: Can't find profile directory.
JavaScript error: resource://gre/modules/XULStore.jsm, line 66: Error: Can't find profile directory.
1601301548201	Marionette	INFO	Stopped listening on port 54704

###!!! [Child][RunMessage] Error: Channel closing: too late to send/recv, messages will be lost


###!!! [Child][MessageChannel::SendAndWait] Error: Channel error: cannot send/recv

1601301636485	mozrunner::runner	INFO	Running command: "C:\\Program Files (x86)\\Mozilla Firefox\\firefox.exe" "-marionette" "-foreground" "-no-remote" "-profile" "C:\\Users\\S6597~1.MIL\\AppData\\Local\\Temp\\rust_mozprofileOC0Pam"
Can't find symbol 'eglSwapBuffersWithDamageEXT'.
JavaScript error: resource://gre/modules/XULStore.jsm, line 66: Error: Can't find profile directory.
console.error: SearchCache: "_readCacheFile: Error reading cache file:" (new Error("", "(unknown module)"))
1601301638954	Marionette	INFO	Listening on port 54825
1601301639101	Marionette	WARN	TLS certificate errors will be ignored for this session
JavaScript error: resource://gre/modules/XULStore.jsm, line 66: Error: Can't find profile directory.
JavaScript error: resource://gre/modules/XULStore.jsm, line 66: Error: Can't find profile directory.
1601301643491	Marionette	INFO	Stopped listening on port 54825

###!!! [Child][RunMessage] Error: Channel closing: too late to send/recv, messages will be lost


###!!! [Child][MessageChannel::SendAndWait] Error: Channel error: cannot send/recv

1601301666349	mozrunner::runner	INFO	Running command: "C:\\Program Files (x86)\\Mozilla Firefox\\firefox.exe" "-marionette" "-foreground" "-no-remote" "-profile" "C:\\Users\\S6597~1.MIL\\AppData\\Local\\Temp\\rust_mozprofilebn0XAs"
Can't find symbol 'eglSwapBuffersWithDamageEXT'.
JavaScript error: resource://gre/modules/XULStore.jsm, line 66: Error: Can't find profile directory.
console.error: SearchCache: "_readCacheFile: Error reading cache file:" (new Error("", "(unknown module)"))
1601301668793	Marionette	INFO	Listening on port 54895
1601301668960	Marionette	WARN	TLS certificate errors will be ignored for this session
JavaScript error: resource://gre/modules/XULStore.jsm, line 66: Error: Can't find profile directory.
JavaScript error: resource://gre/modules/XULStore.jsm, line 66: Error: Can't find profile directory.
1601301673333	Marionette	INFO	Stopped listening on port 54895

###!!! [Child][RunMessage] Error: Channel closing: too late to send/recv, messages will be lost


###!!! [Child][MessageChannel::SendAndWait] Error: Channel error: cannot send/recv

1601301686960	mozrunner::runner	INFO	Running command: "C:\\Program Files (x86)\\Mozilla Firefox\\firefox.exe" "-marionette" "-foreground" "-no-remote" "-profile" "C:\\Users\\S6597~1.MIL\\AppData\\Local\\Temp\\rust_mozprofilel1d1ja"
Can't find symbol 'eglSwapBuffersWithDamageEXT'.
JavaScript error: resource://gre/modules/XULStore.jsm, line 66: Error: Can't find profile directory.
console.error: SearchCache: "_readCacheFile: Error reading cache file:" (new Error("", "(unknown module)"))
1601301689342	Marionette	INFO	Listening on port 54961
1601301689579	Marionette	WARN	TLS certificate errors will be ignored for this session
JavaScript error: resource://gre/modules/XULStore.jsm, line 66: Error: Can't find profile directory.
JavaScript error: resource://gre/modules/XULStore.jsm, line 66: Error: Can't find profile directory.
1601301693847	Marionette	INFO	Stopped listening on port 54961

###!!! [Child][RunMessage] Error: Channel closing: too late to send/recv, messages will be lost


###!!! [Child][MessageChannel::SendAndWait] Error: Channel error: cannot send/recv

1601301761642	mozrunner::runner	INFO	Running command: "C:\\Program Files (x86)\\Mozilla Firefox\\firefox.exe" "-marionette" "-foreground" "-no-remote" "-profile" "C:\\Users\\S6597~1.MIL\\AppData\\Local\\Temp\\rust_mozprofilelJ07Lt"
Can't find symbol 'eglSwapBuffersWithDamageEXT'.
JavaScript error: resource://gre/modules/XULStore.jsm, line 66: Error: Can't find profile directory.
console.error: SearchCache: "_readCacheFile: Error reading cache file:" (new Error("", "(unknown module)"))
1601301763994	Marionette	INFO	Listening on port 55059
1601301764257	Marionette	WARN	TLS certificate errors will be ignored for this session
JavaScript error: resource://gre/modules/XULStore.jsm, line 66: Error: Can't find profile directory.
JavaScript error: resource://gre/modules/XULStore.jsm, line 66: Error: Can't find profile directory.
1601301771640	Marionette	INFO	Stopped listening on port 55059

###!!! [Child][RunMessage] Error: Channel closing: too late to send/recv, messages will be lost


###!!! [Child][MessageChannel::SendAndWait] Error: Channel error: cannot send/recv

1601301990603	mozrunner::runner	INFO	Running command: "C:\\Program Files (x86)\\Mozilla Firefox\\firefox.exe" "-marionette" "-foreground" "-no-remote" "-profile" "C:\\Users\\S6597~1.MIL\\AppData\\Local\\Temp\\rust_mozprofilemOMpeK"
Can't find symbol 'eglSwapBuffersWithDamageEXT'.
JavaScript error: resource://gre/modules/XULStore.jsm, line 66: Error: Can't find profile directory.
console.error: SearchCache: "_readCacheFile: Error reading cache file:" (new Error("", "(unknown module)"))
1601301993181	Marionette	INFO	Listening on port 55297
1601301993228	Marionette	WARN	TLS certificate errors will be ignored for this session
JavaScript error: resource://gre/modules/XULStore.jsm, line 66: Error: Can't find profile directory.
JavaScript error: resource://gre/modules/XULStore.jsm, line 66: Error: Can't find profile directory.
1601301997665	Marionette	INFO	Stopped listening on port 55297

###!!! [Child][RunMessage] Error: Channel closing: too late to send/recv, messages will be lost


###!!! [Child][MessageChannel::SendAndWait] Error: Channel error: cannot send/recv

1601302404520	mozrunner::runner	INFO	Running command: "C:\\Program Files (x86)\\Mozilla Firefox\\firefox.exe" "-marionette" "-foreground" "-no-remote" "-profile" "C:\\Users\\S6597~1.MIL\\AppData\\Local\\Temp\\rust_mozprofileAo6mH6"
Can't find symbol 'eglSwapBuffersWithDamageEXT'.
JavaScript error: resource://gre/modules/XULStore.jsm, line 66: Error: Can't find profile directory.
console.error: SearchCache: "_readCacheFile: Error reading cache file:" (new Error("", "(unknown module)"))
1601302406941	Marionette	INFO	Listening on port 55750
1601302407150	Marionette	WARN	TLS certificate errors will be ignored for this session
JavaScript error: resource://gre/modules/XULStore.jsm, line 66: Error: Can't find profile directory.
JavaScript error: resource://gre/modules/XULStore.jsm, line 66: Error: Can't find profile directory.
1601302411520	Marionette	INFO	Stopped listening on port 55750

###!!! [Child][RunMessage] Error: Channel closing: too late to send/recv, messages will be lost


###!!! [Child][MessageChannel::SendAndWait] Error: Channel error: cannot send/recv

1601302461975	mozrunner::runner	INFO	Running command: "C:\\Program Files (x86)\\Mozilla Firefox\\firefox.exe" "-marionette" "-foreground" "-no-remote" "-profile" "C:\\Users\\S6597~1.MIL\\AppData\\Local\\Temp\\rust_mozprofileD79dkC"
Can't find symbol 'eglSwapBuffersWithDamageEXT'.
JavaScript error: resource://gre/modules/XULStore.jsm, line 66: Error: Can't find profile directory.
console.error: SearchCache: "_readCacheFile: Error reading cache file:" (new Error("", "(unknown module)"))
1601302464293	Marionette	INFO	Listening on port 55839
1601302464590	Marionette	WARN	TLS certificate errors will be ignored for this session
JavaScript error: resource://gre/modules/XULStore.jsm, line 66: Error: Can't find profile directory.
JavaScript error: resource://gre/modules/XULStore.jsm, line 66: Error: Can't find profile directory.
1601302468849	Marionette	INFO	Stopped listening on port 55839

###!!! [Child][RunMessage] Error: Channel closing: too late to send/recv, messages will be lost


###!!! [Child][MessageChannel::SendAndWait] Error: Channel error: cannot send/recv

1601302513028	mozrunner::runner	INFO	Running command: "C:\\Program Files (x86)\\Mozilla Firefox\\firefox.exe" "-marionette" "-foreground" "-no-remote" "-profile" "C:\\Users\\S6597~1.MIL\\AppData\\Local\\Temp\\rust_mozprofileQOVkN5"
Can't find symbol 'eglSwapBuffersWithDamageEXT'.
JavaScript error: resource://gre/modules/XULStore.jsm, line 66: Error: Can't find profile directory.
console.error: SearchCache: "_readCacheFile: Error reading cache file:" (new Error("", "(unknown module)"))
1601302515398	Marionette	INFO	Listening on port 55926
1601302515638	Marionette	WARN	TLS certificate errors will be ignored for this session
JavaScript error: resource://gre/modules/XULStore.jsm, line 66: Error: Can't find profile directory.
JavaScript error: resource://gre/modules/XULStore.jsm, line 66: Error: Can't find profile directory.
1601302520004	Marionette	INFO	Stopped listening on port 55926

###!!! [Child][RunMessage] Error: Channel closing: too late to send/recv, messages will be lost


###!!! [Child][MessageChannel::SendAndWait] Error: Channel error: cannot send/recv

1601302606608	mozrunner::runner	INFO	Running command: "C:\\Program Files (x86)\\Mozilla Firefox\\firefox.exe" "-marionette" "-foreground" "-no-remote" "-profile" "C:\\Users\\S6597~1.MIL\\AppData\\Local\\Temp\\rust_mozprofileyJse7T"
Can't find symbol 'eglSwapBuffersWithDamageEXT'.
JavaScript error: resource://gre/modules/XULStore.jsm, line 66: Error: Can't find profile directory.
console.error: SearchCache: "_readCacheFile: Error reading cache file:" (new Error("", "(unknown module)"))
1601302608555	Marionette	INFO	Listening on port 56051
1601302608834	Marionette	WARN	TLS certificate errors will be ignored for this session
JavaScript error: resource://gre/modules/XULStore.jsm, line 66: Error: Can't find profile directory.
JavaScript error: resource://gre/modules/XULStore.jsm, line 66: Error: Can't find profile directory.
1601302613161	Marionette	INFO	Stopped listening on port 56051

###!!! [Child][RunMessage] Error: Channel closing: too late to send/recv, messages will be lost


###!!! [Child][MessageChannel::SendAndWait] Error: Channel error: cannot send/recv

1601302660655	mozrunner::runner	INFO	Running command: "C:\\Program Files (x86)\\Mozilla Firefox\\firefox.exe" "-marionette" "-foreground" "-no-remote" "-profile" "C:\\Users\\S6597~1.MIL\\AppData\\Local\\Temp\\rust_mozprofileUI3UOt"
Can't find symbol 'eglSwapBuffersWithDamageEXT'.
JavaScript error: resource://gre/modules/XULStore.jsm, line 66: Error: Can't find profile directory.
console.error: SearchCache: "_readCacheFile: Error reading cache file:" (new Error("", "(unknown module)"))
1601302662725	Marionette	INFO	Listening on port 56143
1601302662775	Marionette	WARN	TLS certificate errors will be ignored for this session
JavaScript error: resource://gre/modules/XULStore.jsm, line 66: Error: Can't find profile directory.
JavaScript error: resource://gre/modules/XULStore.jsm, line 66: Error: Can't find profile directory.
1601302672721	Marionette	INFO	Stopped listening on port 56143

###!!! [Child][RunMessage] Error: Channel closing: too late to send/recv, messages will be lost


###!!! [Child][MessageChannel::SendAndWait] Error: Channel error: cannot send/recv

1601302724626	mozrunner::runner	INFO	Running command: "C:\\Program Files (x86)\\Mozilla Firefox\\firefox.exe" "-marionette" "-foreground" "-no-remote" "-profile" "C:\\Users\\S6597~1.MIL\\AppData\\Local\\Temp\\rust_mozprofile4cukqm"
Can't find symbol 'eglSwapBuffersWithDamageEXT'.
JavaScript error: resource://gre/modules/XULStore.jsm, line 66: Error: Can't find profile directory.
console.error: SearchCache: "_readCacheFile: Error reading cache file:" (new Error("", "(unknown module)"))
1601302726943	Marionette	INFO	Listening on port 56241
1601302727241	Marionette	WARN	TLS certificate errors will be ignored for this session
JavaScript error: resource://gre/modules/XULStore.jsm, line 66: Error: Can't find profile directory.
JavaScript error: resource://gre/modules/XULStore.jsm, line 66: Error: Can't find profile directory.
1601302736394	Marionette	INFO	Stopped listening on port 56241

###!!! [Child][RunMessage] Error: Channel closing: too late to send/recv, messages will be lost


###!!! [Child][MessageChannel::SendAndWait] Error: Channel error: cannot send/recv

1601302776071	mozrunner::runner	INFO	Running command: "C:\\Program Files (x86)\\Mozilla Firefox\\firefox.exe" "-marionette" "-foreground" "-no-remote" "-profile" "C:\\Users\\S6597~1.MIL\\AppData\\Local\\Temp\\rust_mozprofilePO3og7"
Can't find symbol 'eglSwapBuffersWithDamageEXT'.
JavaScript error: resource://gre/modules/XULStore.jsm, line 66: Error: Can't find profile directory.
console.error: SearchCache: "_readCacheFile: Error reading cache file:" (new Error("", "(unknown module)"))
1601302778531	Marionette	INFO	Listening on port 56343
1601302778683	Marionette	WARN	TLS certificate errors will be ignored for this session
JavaScript error: resource://gre/modules/XULStore.jsm, line 66: Error: Can't find profile directory.
JavaScript error: resource://gre/modules/XULStore.jsm, line 66: Error: Can't find profile directory.
1601302787818	Marionette	INFO	Stopped listening on port 56343

###!!! [Child][RunMessage] Error: Channel closing: too late to send/recv, messages will be lost


###!!! [Child][MessageChannel::SendAndWait] Error: Channel error: cannot send/recv

1601302874386	mozrunner::runner	INFO	Running command: "C:\\Program Files (x86)\\Mozilla Firefox\\firefox.exe" "-marionette" "-foreground" "-no-remote" "-profile" "C:\\Users\\S6597~1.MIL\\AppData\\Local\\Temp\\rust_mozprofileBJzDBI"
Can't find symbol 'eglSwapBuffersWithDamageEXT'.
JavaScript error: resource://gre/modules/XULStore.jsm, line 66: Error: Can't find profile directory.
console.error: SearchCache: "_readCacheFile: Error reading cache file:" (new Error("", "(unknown module)"))
1601302876863	Marionette	INFO	Listening on port 56462
1601302877009	Marionette	WARN	TLS certificate errors will be ignored for this session
JavaScript error: resource://gre/modules/XULStore.jsm, line 66: Error: Can't find profile directory.
JavaScript error: resource://gre/modules/XULStore.jsm, line 66: Error: Can't find profile directory.
1601302887218	Marionette	INFO	Stopped listening on port 56462

###!!! [Child][RunMessage] Error: Channel closing: too late to send/recv, messages will be lost


###!!! [Child][MessageChannel::SendAndWait] Error: Channel error: cannot send/recv

1601303044277	mozrunner::runner	INFO	Running command: "C:\\Program Files (x86)\\Mozilla Firefox\\firefox.exe" "-marionette" "-foreground" "-no-remote" "-profile" "C:\\Users\\S6597~1.MIL\\AppData\\Local\\Temp\\rust_mozprofilel7pFuc"
Can't find symbol 'eglSwapBuffersWithDamageEXT'.
JavaScript error: resource://gre/modules/XULStore.jsm, line 66: Error: Can't find profile directory.
console.error: SearchCache: "_readCacheFile: Error reading cache file:" (new Error("", "(unknown module)"))
1601303046894	Marionette	INFO	Listening on port 56763
1601303047392	Marionette	WARN	TLS certificate errors will be ignored for this session
JavaScript error: resource://gre/modules/XULStore.jsm, line 66: Error: Can't find profile directory.
JavaScript error: resource://gre/modules/XULStore.jsm, line 66: Error: Can't find profile directory.
1601303057170	Marionette	INFO	Stopped listening on port 56763

###!!! [Child][RunMessage] Error: Channel closing: too late to send/recv, messages will be lost


###!!! [Child][MessageChannel::SendAndWait] Error: Channel error: cannot send/recv

1601303155545	mozrunner::runner	INFO	Running command: "C:\\Program Files (x86)\\Mozilla Firefox\\firefox.exe" "-marionette" "-foreground" "-no-remote" "-profile" "C:\\Users\\S6597~1.MIL\\AppData\\Local\\Temp\\rust_mozprofileedA72O"
Can't find symbol 'eglSwapBuffersWithDamageEXT'.
JavaScript error: resource://gre/modules/XULStore.jsm, line 66: Error: Can't find profile directory.
console.error: SearchCache: "_readCacheFile: Error reading cache file:" (new Error("", "(unknown module)"))
1601303157991	Marionette	INFO	Listening on port 56902
1601303158157	Marionette	WARN	TLS certificate errors will be ignored for this session
JavaScript error: resource://gre/modules/XULStore.jsm, line 66: Error: Can't find profile directory.
JavaScript error: resource://gre/modules/XULStore.jsm, line 66: Error: Can't find profile directory.
1601303168288	Marionette	INFO	Stopped listening on port 56902

###!!! [Child][RunMessage] Error: Channel closing: too late to send/recv, messages will be lost


###!!! [Child][MessageChannel::SendAndWait] Error: Channel error: cannot send/recv

1601303329907	mozrunner::runner	INFO	Running command: "C:\\Program Files (x86)\\Mozilla Firefox\\firefox.exe" "-marionette" "-foreground" "-no-remote" "-profile" "C:\\Users\\S6597~1.MIL\\AppData\\Local\\Temp\\rust_mozprofileJ0pVjV"
Can't find symbol 'eglSwapBuffersWithDamageEXT'.
JavaScript error: resource://gre/modules/XULStore.jsm, line 66: Error: Can't find profile directory.
console.error: SearchCache: "_readCacheFile: Error reading cache file:" (new Error("", "(unknown module)"))
1601303332454	Marionette	INFO	Listening on port 57083
1601303332527	Marionette	WARN	TLS certificate errors will be ignored for this session
JavaScript error: resource://gre/modules/XULStore.jsm, line 66: Error: Can't find profile directory.
JavaScript error: resource://gre/modules/XULStore.jsm, line 66: Error: Can't find profile directory.
1601303342487	Marionette	INFO	Stopped listening on port 57083

###!!! [Child][RunMessage] Error: Channel closing: too late to send/recv, messages will be lost


###!!! [Child][MessageChannel::SendAndWait] Error: Channel error: cannot send/recv

1601303471716	mozrunner::runner	INFO	Running command: "C:\\Program Files (x86)\\Mozilla Firefox\\firefox.exe" "-marionette" "-foreground" "-no-remote" "-profile" "C:\\Users\\S6597~1.MIL\\AppData\\Local\\Temp\\rust_mozprofile2uKtMn"
Can't find symbol 'eglSwapBuffersWithDamageEXT'.
JavaScript error: resource://gre/modules/XULStore.jsm, line 66: Error: Can't find profile directory.
console.error: SearchCache: "_readCacheFile: Error reading cache file:" (new Error("", "(unknown module)"))
1601303473975	Marionette	INFO	Listening on port 57263
1601303474331	Marionette	WARN	TLS certificate errors will be ignored for this session
JavaScript error: resource://gre/modules/XULStore.jsm, line 66: Error: Can't find profile directory.
JavaScript error: resource://gre/modules/XULStore.jsm, line 66: Error: Can't find profile directory.
1601303484362	Marionette	INFO	Stopped listening on port 57263

###!!! [Child][RunMessage] Error: Channel closing: too late to send/recv, messages will be lost


###!!! [Child][MessageChannel::SendAndWait] Error: Channel error: cannot send/recv

1601303616472	mozrunner::runner	INFO	Running command: "C:\\Program Files (x86)\\Mozilla Firefox\\firefox.exe" "-marionette" "-foreground" "-no-remote" "-profile" "C:\\Users\\S6597~1.MIL\\AppData\\Local\\Temp\\rust_mozprofileDFaPn9"
Can't find symbol 'eglSwapBuffersWithDamageEXT'.
JavaScript error: resource://gre/modules/XULStore.jsm, line 66: Error: Can't find profile directory.
console.error: SearchCache: "_readCacheFile: Error reading cache file:" (new Error("", "(unknown module)"))
1601303618881	Marionette	INFO	Listening on port 57418
1601303619100	Marionette	WARN	TLS certificate errors will be ignored for this session
JavaScript error: resource://gre/modules/XULStore.jsm, line 66: Error: Can't find profile directory.
JavaScript error: resource://gre/modules/XULStore.jsm, line 66: Error: Can't find profile directory.
1601303628855	Marionette	INFO	Stopped listening on port 57418

###!!! [Child][RunMessage] Error: Channel closing: too late to send/recv, messages will be lost


###!!! [Child][MessageChannel::SendAndWait] Error: Channel error: cannot send/recv

1601303657998	mozrunner::runner	INFO	Running command: "C:\\Program Files (x86)\\Mozilla Firefox\\firefox.exe" "-marionette" "-foreground" "-no-remote" "-profile" "C:\\Users\\S6597~1.MIL\\AppData\\Local\\Temp\\rust_mozprofilewN7cb6"
Can't find symbol 'eglSwapBuffersWithDamageEXT'.
JavaScript error: resource://gre/modules/XULStore.jsm, line 66: Error: Can't find profile directory.
console.error: SearchCache: "_readCacheFile: Error reading cache file:" (new Error("", "(unknown module)"))
1601303660635	Marionette	INFO	Listening on port 57496
1601303661124	Marionette	WARN	TLS certificate errors will be ignored for this session
JavaScript error: resource://gre/modules/XULStore.jsm, line 66: Error: Can't find profile directory.
JavaScript error: resource://gre/modules/XULStore.jsm, line 66: Error: Can't find profile directory.
1601303671340	Marionette	INFO	Stopped listening on port 57496

###!!! [Child][RunMessage] Error: Channel closing: too late to send/recv, messages will be lost


###!!! [Child][MessageChannel::SendAndWait] Error: Channel error: cannot send/recv

